-Xlint:ignore
-1.8
-encoding
UTF-8
-showWeaveInfo
-source
1.8
-target
1.8
-verbose
-classpath
C:\Users\darii\.m2\repository\org\jdatepicker\jdatepicker\1.3.4\jdatepicker-1.3.4.jar;C:\Users\darii\.m2\repository\org\swinglabs\swingx\swingx-core\1.6.5-1\swingx-core-1.6.5-1.jar;C:\Users\darii\.m2\repository\org\aspectj\aspectjrt\1.8.9\aspectjrt-1.8.9.jar;C:\Users\darii\.m2\repository\org\aspectj\aspectjweaver\1.8.9\aspectjweaver-1.8.9.jar;C:\Users\darii\.m2\repository\org\swinglabs\swingx\swingx-autocomplete\1.6.5-1\swingx-autocomplete-1.6.5-1.jar;C:\Users\darii\.m2\repository\org\swinglabs\swingx\swingx-common\1.6.5-1\swingx-common-1.6.5-1.jar;C:\Users\darii\.m2\repository\org\swinglabs\swingx\swingx-action\1.6.5-1\swingx-action-1.6.5-1.jar;C:\Users\darii\.m2\repository\org\swinglabs\swingx\swingx-plaf\1.6.5-1\swingx-plaf-1.6.5-1.jar;C:\Users\darii\.m2\repository\org\swinglabs\swingx\swingx-graphics\1.6.5-1\swingx-graphics-1.6.5-1.jar;C:\Users\darii\.m2\repository\org\swinglabs\swingx\swingx-painters\1.6.5-1\swingx-painters-1.6.5-1.jar;D:\Workspace\AOP\ExchangeApp\Exchange\target\classes
-d
D:\Workspace\AOP\ExchangeApp\Exchange\target\classes
D:\Workspace\AOP\ExchangeApp\Exchange\src\main\java\aspects\ApplicationAspect.aj
D:\Workspace\AOP\ExchangeApp\Exchange\src\main\java\aspects\caching\CacheKey.java
D:\Workspace\AOP\ExchangeApp\Exchange\src\main\java\aspects\caching\CurrencyCachingAspect.aj
D:\Workspace\AOP\ExchangeApp\Exchange\src\main\java\aspects\caching\SimpleCachingAspect.aj
D:\Workspace\AOP\ExchangeApp\Exchange\src\main\java\aspects\caching\UserCachingAspect.aj
D:\Workspace\AOP\ExchangeApp\Exchange\src\main\java\aspects\ExceptionHandlingAspect.aj
D:\Workspace\AOP\ExchangeApp\Exchange\src\main\java\aspects\LoggingAspect.aj
D:\Workspace\AOP\ExchangeApp\Exchange\src\main\java\aspects\MonitoringAspect.aj
D:\Workspace\AOP\ExchangeApp\Exchange\src\main\java\aspects\PersistentAspect.aj
D:\Workspace\AOP\ExchangeApp\Exchange\src\main\java\auth\Authenticable.java
D:\Workspace\AOP\ExchangeApp\Exchange\src\main\java\dao\AppQueries.java
D:\Workspace\AOP\ExchangeApp\Exchange\src\main\java\dao\CurrencyDao.java
D:\Workspace\AOP\ExchangeApp\Exchange\src\main\java\dao\daoimpl\CurrencyDaoImpl.java
D:\Workspace\AOP\ExchangeApp\Exchange\src\main\java\dao\daoimpl\UserDaoImpl.java
D:\Workspace\AOP\ExchangeApp\Exchange\src\main\java\dao\UserDao.java
D:\Workspace\AOP\ExchangeApp\Exchange\src\main\java\GUI\Login.java
D:\Workspace\AOP\ExchangeApp\Exchange\src\main\java\GUI\MainView.java
D:\Workspace\AOP\ExchangeApp\Exchange\src\main\java\GUI\Register.java
D:\Workspace\AOP\ExchangeApp\Exchange\src\main\java\GUI\UserView.java
D:\Workspace\AOP\ExchangeApp\Exchange\src\main\java\Main.java
D:\Workspace\AOP\ExchangeApp\Exchange\src\main\java\model\Currency.java
D:\Workspace\AOP\ExchangeApp\Exchange\src\main\java\model\CurrencyHistory.java
D:\Workspace\AOP\ExchangeApp\Exchange\src\main\java\model\ExchangeOffice.java
D:\Workspace\AOP\ExchangeApp\Exchange\src\main\java\model\ExchangeRate.java
D:\Workspace\AOP\ExchangeApp\Exchange\src\main\java\model\Transaction.java
D:\Workspace\AOP\ExchangeApp\Exchange\src\main\java\model\User.java
D:\Workspace\AOP\ExchangeApp\Exchange\src\main\java\Ops.java
D:\Workspace\AOP\ExchangeApp\Exchange\src\main\java\service\CSVLogger.java
D:\Workspace\AOP\ExchangeApp\Exchange\src\main\java\service\CSVService.java
D:\Workspace\AOP\ExchangeApp\Exchange\src\main\java\service\CurrencyHistoryService.java
D:\Workspace\AOP\ExchangeApp\Exchange\src\main\java\service\CurrencyService.java
D:\Workspace\AOP\ExchangeApp\Exchange\src\main\java\service\ExchangeRateService.java
D:\Workspace\AOP\ExchangeApp\Exchange\src\main\java\service\TransactionService.java
D:\Workspace\AOP\ExchangeApp\Exchange\src\main\java\service\UserService.java
D:\Workspace\AOP\ExchangeApp\Exchange\src\main\java\utils\ConnectionUtils.java
